<?xml version="1.0" encoding="UTF-8"?>
<!-- Generated by org.testng.reporters.JUnitReportReporter -->
<testsuite hostname="Suyogs-MacBook-Pro.local" failures="0" tests="1" name="com.mystore.testcases.TC_MyAccountPageTest" time="25.518" errors="0" timestamp="2024-06-04T13:11:23 IST" skipped="0">
  <testcase classname="com.mystore.testcases.TC_MyAccountPageTest" name="verifyRegistrationLogin" time="25.518"/>
</testsuite> <!-- com.mystore.testcases.TC_MyAccountPageTest -->
